<?xml version="1.0" encoding="UTF-8"?>
<testng-results ignored="0" total="0" passed="0" failed="0" skipped="0">
  <reporter-output>
  </reporter-output>
  <suite started-at="2025-07-17T20:37:07 UTC" name="AutomationExercise" finished-at="2025-07-17T20:37:07 UTC" duration-ms="77">
    <groups>
    </groups>
    <test started-at="2025-07-17T20:37:07 UTC" name="AutomationExercise" finished-at="2025-07-17T20:37:07 UTC" duration-ms="77">
    </test> <!-- AutomationExercise -->
  </suite> <!-- AutomationExercise -->
</testng-results>
